[2024-08-29T19:07:58.041336+00:00] logger.CRITICAL: test [] []
[2024-08-29T19:08:45.837076+00:00] logger.CRITICAL: test [] []
%date% %level$ test%date% 500 test%date_time% CRITICAL test
%date_time% CRITICAL test
2024-08-29T19:17:06.516344+00:00 CRITICAL test
testtest2024-08-29T19:43:49.334579+00:00 CRITICAL test
2024-08-29T19:43:55.904905+00:00 CRITICAL test
2024-08-29T19:45:43.486071+00:00 CRITICAL test
2024-08-29T19:53:09.361702+00:00 CRITICAL test
2024-08-29T19:59:21.582102+00:00 CRITICAL test 
2024-08-31T08:53:50.589586+00:00 INFO Script has been started
2024-08-31T08:53:53.273202+00:00 CRITICAL test 
2024-08-31T08:54:14.511365+00:00 INFO Script has been started
2024-08-31T08:55:33.923647+00:00 INFO Script has been started
2024-08-31T08:55:36.459317+00:00 INFO Script has finished working
2024-08-31T08:56:32.214720+00:00 INFO Script has been started
2024-08-31T08:56:32.631986+00:00 INFO Script has finished working
2024-08-31T08:58:46.777500+00:00 INFO Script has been started
2024-08-31T08:59:06.299553+00:00 INFO Script has finished working
2024-08-31T09:01:03.786127+00:00 INFO Script has been started
2024-08-31T09:02:31.883440+00:00 INFO Script has finished working
2024-09-10T08:22:13.593027+00:00 INFO Script has been started
2024-09-10T08:22:21.274263+00:00 INFO Script has finished working
2024-09-10T08:41:35.197627+00:00 INFO Script has been started
2024-09-10T08:41:43.923245+00:00 INFO Script has finished working
2024-09-10T08:48:05.240755+00:00 INFO Script has been started
2024-09-10T08:48:12.913879+00:00 INFO Script has finished working
2024-09-10T08:48:27.886989+00:00 INFO Script has been started
2024-09-10T08:48:40.570025+00:00 INFO Script has finished working
2024-09-10T08:49:53.650009+00:00 INFO Script has been started
2024-09-10T08:50:06.333366+00:00 INFO Script has finished working
2024-09-10T08:53:01.451428+00:00 INFO Script has been started
2024-09-10T08:53:19.030640+00:00 INFO Script has been started
2024-09-10T08:53:29.275821+00:00 INFO Script has been started
2024-09-10T09:23:30.764401+00:00 INFO Script has been started
2024-09-10T09:24:45.771881+00:00 INFO Script has been started
2024-09-10T09:28:52.484064+00:00 INFO Script has been started
2024-09-10T09:29:05.636235+00:00 INFO Script has been started
2024-09-10T09:38:38.672218+00:00 INFO Script has been started
2024-09-10T09:38:51.905337+00:00 INFO Script has been started
2024-09-10T09:39:09.368737+00:00 CRITICAL Call to undefined function Script\Utils\test()
2024-09-10T09:39:20.964834+00:00 CRITICAL Call to undefined function Script\Utils\test()
2024-09-10T09:39:32.935866+00:00 CRITICAL Call to undefined function Script\Utils\test()
2024-09-10T09:41:21.906232+00:00 CRITICAL Call to undefined function Script\Utils\test()
2024-09-11T09:36:09.442371+00:00 INFO Script has been started
2024-09-11T09:36:48.434457+00:00 INFO Script has been started
2024-09-12T06:42:16.814334+00:00 INFO Script has been started []
2024-09-12T06:42:56.327144+00:00 INFO Script has been started []
2024-09-12T06:43:45.421224+00:00 INFO Script has been started []
2024-09-12T08:13:14.119403+00:00 INFO Script has been started []
2024-09-12T08:13:39.906002+00:00 INFO Script has been started []
2024-09-12T08:16:31.171587+00:00 INFO Script has been started []
2024-09-12T08:19:52.382663+00:00 INFO Script has been started []
2024-09-12T08:29:53.667304+00:00 INFO Script has been started []
2024-09-12T08:30:02.334564+00:00 INFO Script has finished working []
2024-09-12T08:39:41.119557+00:00 INFO Script has been started []
2024-09-12T08:39:48.798914+00:00 INFO Script has finished working []
2024-09-12T08:39:52.811954+00:00 INFO Script has been started []
2024-09-12T08:40:00.459512+00:00 INFO Script has finished working []
2024-09-12T08:40:03.146878+00:00 INFO Script has been started []
2024-09-12T08:40:10.845355+00:00 INFO Script has finished working []
2024-09-12T08:42:53.134301+00:00 INFO Script has been started []
2024-09-12T08:43:00.786725+00:00 INFO Script has finished working []
2024-09-12T08:44:43.571262+00:00 INFO Script has been started []
2024-09-12T08:44:51.231025+00:00 INFO Script has finished working []
2024-09-12T08:45:00.094743+00:00 INFO Script has been started []
2024-09-12T08:45:07.753252+00:00 INFO Script has finished working []
2024-09-12T08:47:58.609024+00:00 INFO Script has been started []
2024-09-12T08:48:06.290366+00:00 INFO Script has finished working []
2024-09-12T08:49:28.064682+00:00 INFO Script has been started []
2024-09-12T08:53:37.136704+00:00 INFO Script has been started []
2024-09-12T08:53:44.769490+00:00 INFO Script has finished working []
2024-09-12T08:53:56.805646+00:00 INFO Script has been started []
2024-09-12T08:53:57.411129+00:00 INFO Script has finished working []
2024-09-12T08:54:06.286311+00:00 INFO Script has been started []
2024-09-12T08:54:06.899518+00:00 INFO Script has finished working []
2024-09-12T08:56:42.514000+00:00 INFO Script has been started []
2024-09-12T08:56:43.056157+00:00 ERROR Response code: 404 []
2024-09-12T08:56:43.058061+00:00 INFO Script has finished working []
2024-09-12T08:57:02.201220+00:00 INFO Script has been started []
2024-09-12T08:57:02.780191+00:00 ERROR Response code: 404 []
2024-09-12T08:57:02.782076+00:00 INFO Script has finished working []
2024-09-12T08:57:29.400758+00:00 INFO Script has been started []
2024-09-12T08:57:30.085673+00:00 CRITICAL Response code: 404 []
2024-09-12T08:57:30.087480+00:00 INFO Script has finished working []
2024-09-12T08:58:03.289482+00:00 INFO Script has been started []
2024-09-12T08:58:03.289547+00:00 CRITICAL qwe []
2024-09-12T08:58:03.904179+00:00 CRITICAL Response code: 404 []
2024-09-12T08:58:03.905924+00:00 INFO Script has finished working []
2024-09-12T09:18:28.130912+00:00 INFO Script has been started []
2024-09-12T09:18:35.793855+00:00 INFO Script has finished working []
2024-09-12T09:18:46.546123+00:00 INFO Script has been started []
2024-09-12T09:20:06.782897+00:00 INFO Script has finished working []
2024-09-12T14:03:42.325979+00:00 CRITICAL Total time: 10.000328 []
2024-09-12T14:15:10.873699+00:00 INFO Script has been started []
2024-09-12T14:16:50.879808+00:00 CRITICAL Total time: 100.000716 []
2024-09-12T14:18:07.144131+00:00 INFO Script has been started []
2024-09-12T14:20:24.929204+00:00 INFO Script has been started []
2024-09-12T14:30:14.485566+00:00 INFO Script has been started []
2024-09-12T14:50:00.653432+00:00 INFO Script has been started []
2024-09-12T14:55:00.655690+00:00 INFO Script has been started []
2024-09-12T14:55:10.000037+00:00 INFO Script has finished working []
2024-09-12T15:00:00.657487+00:00 INFO Script has been started []
2024-09-12T15:00:13.943947+00:00 INFO Script has finished working []
2024-09-12T15:05:00.659964+00:00 INFO Script has been started []
2024-09-12T15:05:10.688294+00:00 INFO Script has finished working []
2024-09-12T15:10:00.661286+00:00 INFO Script has been started []
2024-09-12T15:10:11.772843+00:00 INFO Script has finished working []
2024-09-12T15:15:00.662523+00:00 INFO Script has been started []
2024-09-12T15:15:30.572805+00:00 INFO Script has finished working []
2024-09-12T15:20:00.664398+00:00 INFO Script has been started []
2024-09-12T15:20:22.727602+00:00 INFO Script has finished working []
2024-09-12T15:25:00.666544+00:00 INFO Script has been started []
2024-09-12T15:25:16.341851+00:00 INFO Script has finished working []
2024-09-12T15:30:00.668818+00:00 INFO Script has been started []
2024-09-12T15:30:13.097321+00:00 INFO Script has finished working []
2024-09-12T15:35:00.671503+00:00 INFO Script has been started []
2024-09-12T15:35:19.675831+00:00 INFO Script has finished working []
2024-09-12T15:40:00.673504+00:00 INFO Script has been started []
2024-09-12T15:40:25.549039+00:00 INFO Script has finished working []
2024-09-12T15:45:00.674926+00:00 INFO Script has been started []
2024-09-12T15:45:26.356128+00:00 INFO Script has finished working []
2024-09-12T15:50:00.677493+00:00 INFO Script has been started []
2024-09-12T15:50:12.083317+00:00 INFO Script has finished working []
2024-09-12T15:55:00.679167+00:00 INFO Script has been started []
2024-09-12T15:55:19.349984+00:00 INFO Script has finished working []
2024-09-12T16:00:00.680803+00:00 INFO Script has been started []
2024-09-12T16:00:30.572619+00:00 INFO Script has finished working []
2024-09-12T16:05:00.682689+00:00 INFO Script has been started []
2024-09-12T16:05:29.781661+00:00 INFO Script has finished working []
2024-09-12T16:10:00.684681+00:00 INFO Script has been started []
2024-09-12T16:10:32.987943+00:00 INFO Script has finished working []
2024-09-12T16:15:00.687648+00:00 INFO Script has been started []
2024-09-12T16:15:17.925217+00:00 INFO Script has finished working []
2024-09-12T16:20:00.689368+00:00 INFO Script has been started []
2024-09-12T16:20:25.894434+00:00 INFO Script has finished working []
2024-09-12T16:25:00.691398+00:00 INFO Script has been started []
2024-09-12T16:25:17.461906+00:00 INFO Script has finished working []
2024-09-12T16:30:00.693506+00:00 INFO Script has been started []
2024-09-12T16:30:38.649257+00:00 INFO Script has finished working []
2024-09-12T16:35:00.696343+00:00 INFO Script has been started []
2024-09-12T16:35:27.686338+00:00 INFO Script has finished working []
2024-09-12T16:40:00.698367+00:00 INFO Script has been started []
2024-09-12T16:40:16.968438+00:00 INFO Script has finished working []
2024-09-12T16:45:00.701598+00:00 INFO Script has been started []
2024-09-12T16:45:29.559316+00:00 INFO Script has finished working []
2024-09-12T16:50:00.704109+00:00 INFO Script has been started []
2024-09-12T16:50:27.444447+00:00 INFO Script has finished working []
2024-09-12T16:55:00.706058+00:00 INFO Script has been started []
2024-09-12T16:55:19.959632+00:00 INFO Script has finished working []
2024-09-12T17:00:00.707391+00:00 INFO Script has been started []
2024-09-12T17:00:29.163501+00:00 INFO Script has finished working []
2024-09-12T17:05:00.708878+00:00 INFO Script has been started []
2024-09-12T17:05:12.392614+00:00 INFO Script has finished working []
2024-09-12T17:10:00.710661+00:00 INFO Script has been started []
2024-09-12T17:10:19.687960+00:00 INFO Script has finished working []
2024-09-12T17:15:00.712089+00:00 INFO Script has been started []
2024-09-12T17:15:11.883288+00:00 INFO Script has finished working []
2024-09-12T17:20:00.713802+00:00 INFO Script has been started []
2024-09-12T17:20:39.263600+00:00 INFO Script has finished working []
2024-09-12T17:25:00.715677+00:00 INFO Script has been started []
2024-09-12T17:25:48.837174+00:00 INFO Script has finished working []
2024-09-12T17:30:00.718314+00:00 INFO Script has been started []
2024-09-12T17:30:31.416724+00:00 INFO Script has finished working []
2024-09-12T17:35:00.720107+00:00 INFO Script has been started []
2024-09-12T17:35:49.329983+00:00 INFO Script has finished working []
2024-09-12T17:40:00.722335+00:00 INFO Script has been started []
2024-09-12T17:40:33.634434+00:00 INFO Script has finished working []
2024-09-12T17:45:00.724600+00:00 INFO Script has been started []
2024-09-12T17:45:33.521659+00:00 INFO Script has finished working []
2024-09-12T17:50:00.726607+00:00 INFO Script has been started []
2024-09-12T17:50:27.030806+00:00 INFO Script has finished working []
2024-09-12T17:55:00.728347+00:00 INFO Script has been started []
2024-09-12T17:55:34.671597+00:00 INFO Script has finished working []
2024-09-12T18:00:00.730383+00:00 INFO Script has been started []
2024-09-12T18:00:18.972140+00:00 INFO Script has finished working []
2024-09-12T18:05:00.732364+00:00 INFO Script has been started []
2024-09-12T18:05:20.515638+00:00 INFO Script has finished working []
2024-09-12T18:10:00.734506+00:00 INFO Script has been started []
2024-09-12T18:10:27.089995+00:00 INFO Script has finished working []
2024-09-12T18:15:00.736971+00:00 INFO Script has been started []
2024-09-12T18:15:18.096816+00:00 INFO Script has finished working []
2024-09-12T18:20:00.738447+00:00 INFO Script has been started []
2024-09-12T18:20:23.021978+00:00 INFO Script has finished working []
2024-09-12T18:25:00.740445+00:00 INFO Script has been started []
2024-09-12T18:25:12.707498+00:00 INFO Script has finished working []
2024-09-16T07:55:00.527941+00:00 INFO Script has been started []
2024-09-16T07:55:10.570967+00:00 INFO Script has finished working []
2024-09-16T08:00:00.524072+00:00 INFO Script has been started []
2024-09-16T08:00:10.053456+00:00 INFO Script has finished working []
2024-09-16T08:05:00.526113+00:00 INFO Script has been started []
2024-09-16T08:05:10.553774+00:00 INFO Script has finished working []
2024-09-16T08:10:00.528855+00:00 INFO Script has been started []
2024-09-16T08:10:10.389784+00:00 INFO Script has finished working []
2024-09-16T08:15:00.530248+00:00 INFO Script has been started []
2024-09-16T08:15:10.094969+00:00 INFO Script has finished working []
2024-09-16T12:15:43.445958+00:00 INFO Script has been started []
2024-09-16T12:15:53.030179+00:00 INFO Script has finished working []
2024-09-16T13:20:00.032345+00:00 | INFO | Script has been started | []
2024-09-16T13:20:09.478102+00:00 | INFO | Script has finished working | []
2024-09-16T13:22:06.094538+00:00 | INFO | Script has been started | []
2024-09-16T13:22:17.318765+00:00 | INFO | Script has finished working | []
2024-09-16T13:22:54.819399+00:00 | INFO | Script has been started | []
2024-09-16T13:23:06.605427+00:00 | INFO | Script has finished working | []
2024-09-16T13:23:10.600732+00:00 | INFO | Script has been started | []
2024-09-16T13:23:20.717994+00:00 | INFO | Script has finished working | []
2024-09-16T13:24:21.657015+00:00 | INFO | Script has been started | []
2024-09-16T13:24:31.618322+00:00 | INFO | Script has finished working | []
2024-09-16T13:25:00.033056+00:00 | INFO | Script has been started | []
2024-09-16T13:25:09.734221+00:00 | INFO | Script has finished working | []
2024-09-16T13:30:00.035090+00:00 | INFO | Script has been started | []
2024-09-16T13:30:17.145756+00:00 | INFO | Script has finished working | []
2024-09-16T13:35:00.036630+00:00 | INFO | Script has been started | []
2024-09-16T13:35:10.040731+00:00 | INFO | Script has finished working | []
2024-09-16T13:40:00.037917+00:00 | INFO | Script has been started | []
2024-09-16T13:40:09.598687+00:00 | INFO | Script has finished working | []
2024-09-16T13:45:00.040161+00:00 | INFO | Script has been started | []
2024-09-16T13:45:09.935146+00:00 | INFO | Script has finished working | []
2024-09-16T13:50:00.042261+00:00 | INFO | Script has been started | []
2024-09-16T13:50:09.741637+00:00 | INFO | Script has finished working | []
2024-09-16T13:55:00.043974+00:00 | INFO | Script has been started | []
2024-09-16T13:55:18.649916+00:00 | INFO | Script has finished working | []
2024-09-16T14:00:00.046172+00:00 | INFO | Script has been started | []
2024-09-16T14:00:09.590330+00:00 | INFO | Script has finished working | []
2024-09-16T14:05:00.047670+00:00 | INFO | Script has been started | []
2024-09-16T14:05:16.370953+00:00 | INFO | Script has finished working | []
2024-09-16T14:10:00.049717+00:00 | INFO | Script has been started | []
2024-09-16T14:10:11.388235+00:00 | INFO | Script has finished working | []
2024-09-16T14:15:00.051898+00:00 | INFO | Script has been started | []
2024-09-16T14:15:09.480861+00:00 | INFO | Script has finished working | []
2024-09-16T14:20:00.055307+00:00 | INFO | Script has been started | []
2024-09-16T14:20:09.577119+00:00 | INFO | Script has finished working | []
2024-09-16T14:25:00.057417+00:00 | INFO | Script has been started | []
2024-09-16T14:25:09.790245+00:00 | INFO | Script has finished working | []
2024-09-16T14:30:00.059084+00:00 | INFO | Script has been started | []
2024-09-16T14:30:09.777925+00:00 | INFO | Script has finished working | []
2024-09-16T14:35:00.060798+00:00 | INFO | Script has been started | []
2024-09-16T14:35:09.894765+00:00 | INFO | Script has finished working | []
2024-09-16T14:40:00.062438+00:00 | INFO | Script has been started | []
2024-09-16T14:40:10.157208+00:00 | INFO | Script has finished working | []
2024-09-16T14:45:00.063673+00:00 | INFO | Script has been started | []
2024-09-16T14:45:09.799180+00:00 | INFO | Script has finished working | []
2024-09-16T14:50:00.065515+00:00 | INFO | Script has been started | []
2024-09-16T14:50:09.961240+00:00 | INFO | Script has finished working | []
2024-09-16T14:55:00.067462+00:00 | INFO | Script has been started | []
2024-09-16T14:55:09.838790+00:00 | INFO | Script has finished working | []
2024-09-16T15:00:00.069166+00:00 | INFO | Script has been started | []
2024-09-16T15:00:09.782818+00:00 | INFO | Script has finished working | []
2024-09-16T15:05:00.070795+00:00 | INFO | Script has been started | []
2024-09-16T15:05:14.379818+00:00 | INFO | Script has finished working | []
2024-09-16T15:10:00.072579+00:00 | INFO | Script has been started | []
2024-09-16T15:10:19.550053+00:00 | INFO | Script has finished working | []
2024-09-16T15:15:00.074524+00:00 | INFO | Script has been started | []
2024-09-16T15:15:12.945788+00:00 | INFO | Script has finished working | []
2024-09-16T15:20:00.076742+00:00 | INFO | Script has been started | []
2024-09-16T15:20:09.603396+00:00 | INFO | Script has finished working | []
2024-09-16T15:25:00.077967+00:00 | INFO | Script has been started | []
2024-09-16T15:25:20.542334+00:00 | INFO | Script has finished working | []
2024-09-16T15:30:00.080028+00:00 | INFO | Script has been started | []
2024-09-16T15:30:20.010475+00:00 | INFO | Script has finished working | []
2024-09-16T15:35:00.081498+00:00 | INFO | Script has been started | []
2024-09-16T15:35:09.936519+00:00 | INFO | Script has finished working | []
2024-09-16T15:40:00.083148+00:00 | INFO | Script has been started | []
2024-09-16T15:40:10.365153+00:00 | INFO | Script has finished working | []
2024-09-16T15:45:00.085478+00:00 | INFO | Script has been started | []
2024-09-16T15:45:09.621089+00:00 | INFO | Script has finished working | []
2024-09-16T15:50:00.087286+00:00 | INFO | Script has been started | []
2024-09-16T15:50:09.843519+00:00 | INFO | Script has finished working | []
2024-09-16T15:55:00.089054+00:00 | INFO | Script has been started | []
2024-09-16T15:55:10.766676+00:00 | INFO | Script has finished working | []
2024-09-16T16:00:00.091795+00:00 | INFO | Script has been started | []
2024-09-16T16:00:10.362014+00:00 | INFO | Script has finished working | []
2024-09-16T16:05:00.093897+00:00 | INFO | Script has been started | []
2024-09-16T16:05:12.383734+00:00 | INFO | Script has finished working | []
2024-09-16T16:10:00.095941+00:00 | INFO | Script has been started | []
2024-09-16T16:10:10.321441+00:00 | INFO | Script has finished working | []
2024-09-16T16:15:00.098302+00:00 | INFO | Script has been started | []
2024-09-16T16:15:22.033841+00:00 | INFO | Script has finished working | []
2024-09-18T14:05:48.275011+00:00 | INFO | Script has been started | []
2024-09-18T14:06:13.759114+00:00 | INFO | Script has been started | []
2024-09-18T14:07:29.005455+00:00 | INFO | Script has been started | []
2024-09-18T14:07:58.752691+00:00 | INFO | Script has been started | []
2024-09-19T14:05:00.407729+00:00 | INFO | Script has been started | []
2024-09-19T14:10:00.405363+00:00 | INFO | Script has been started | []
2024-09-19T14:15:00.403071+00:00 | INFO | Script has been started | []
2024-09-19T14:20:00.405884+00:00 | INFO | Script has been started | []
2024-09-19T14:25:00.410245+00:00 | INFO | Script has been started | []
2024-09-19T14:30:00.412075+00:00 | INFO | Script has been started | []
2024-09-19T14:35:00.414437+00:00 | INFO | Script has been started | []
2024-09-19T14:40:00.416980+00:00 | INFO | Script has been started | []
2024-09-19T14:45:00.418672+00:00 | INFO | Script has been started | []
2024-09-19T14:50:00.421494+00:00 | INFO | Script has been started | []
2024-09-19T14:55:00.423241+00:00 | INFO | Script has been started | []
2024-09-19T14:55:11.389779+00:00 | CRITICAL | Response code: 0 | []
2024-09-19T15:00:00.425800+00:00 | INFO | Script has been started | []
2024-09-19T15:05:00.427611+00:00 | INFO | Script has been started | []
2024-09-19T15:10:00.429763+00:00 | INFO | Script has been started | []
2024-09-19T15:15:00.432000+00:00 | INFO | Script has been started | []
2024-09-19T15:20:00.434476+00:00 | INFO | Script has been started | []
2024-09-19T15:25:00.436570+00:00 | INFO | Script has been started | []
2024-09-19T15:30:00.438506+00:00 | INFO | Script has been started | []
2024-09-19T15:35:00.440779+00:00 | INFO | Script has been started | []
2024-09-19T15:40:00.444013+00:00 | INFO | Script has been started | []
2024-09-19T15:45:00.447005+00:00 | INFO | Script has been started | []
2024-09-19T15:50:00.450241+00:00 | INFO | Script has been started | []
2024-09-19T15:55:00.453399+00:00 | INFO | Script has been started | []
2024-09-19T16:00:00.456037+00:00 | INFO | Script has been started | []
2024-09-19T16:05:00.458112+00:00 | INFO | Script has been started | []
2024-09-19T16:10:00.460733+00:00 | INFO | Script has been started | []
2024-09-19T16:15:00.463262+00:00 | INFO | Script has been started | []
2024-09-19T16:20:00.465860+00:00 | INFO | Script has been started | []
2024-09-19T16:25:00.468415+00:00 | INFO | Script has been started | []
2024-09-19T16:30:00.471639+00:00 | INFO | Script has been started | []
2024-09-19T16:35:00.475162+00:00 | INFO | Script has been started | []
2024-09-19T16:40:00.477225+00:00 | INFO | Script has been started | []
2024-09-19T16:45:00.480147+00:00 | INFO | Script has been started | []
2024-09-19T16:50:00.482757+00:00 | INFO | Script has been started | []
2024-09-19T16:55:00.484462+00:00 | INFO | Script has been started | []
