2024-09-11T09:56:12.990938+00:00 ERROR Error: qwe
2024-09-11T09:56:53.329915+00:00 ERROR Error: qwe
2024-09-11T09:59:15.872907+00:00 ERROR Maximum execution time of 1 second exceeded
2024-09-11T10:01:39.336909+00:00 ERROR Maximum execution time of 1 second exceeded {"errno":1}
2024-09-11T10:02:35.750927+00:00 ERROR Maximum execution time of 1 second exceeded {"type":1,"message":"Maximum execution time of 1 second exceeded","file":"/app/Script/Karlov.php","line":17}
2024-09-11T10:43:58.629979+00:00 ERROR register_shutdown_function(): Argument #1 ($callback) must be a valid callback, class Common\Error\ErrorHandler does not have a method "shutdownHandler" {"type":0,"message":"register_shutdown_function(): Argument #1 ($callback) must be a valid callback, class Common\\Error\\ErrorHandler does not have a method \"shutdownHandler\"","file":"/app/Script/Karlov.php","line":15}
2024-09-11T10:46:24.684230+00:00 ERROR register_shutdown_function(): Argument #1 ($callback) must be a valid callback, class Common\Error\ErrorHandler does not have a method "shutdownHandler" {"type":0,"message":"register_shutdown_function(): Argument #1 ($callback) must be a valid callback, class Common\\Error\\ErrorHandler does not have a method \"shutdownHandler\"","file":"/app/Script/Karlov.php","line":15}
2024-09-11T10:46:48.864576+00:00 ERROR register_shutdown_function(): Argument #1 ($callback) must be a valid callback, class Common\Error\ErrorHandler does not have a method "shutdownHandler" {"type":0,"message":"register_shutdown_function(): Argument #1 ($callback) must be a valid callback, class Common\\Error\\ErrorHandler does not have a method \"shutdownHandler\"","file":"/app/Script/Karlov.php","line":15}
2024-09-11T10:47:06.938871+00:00 ERROR register_shutdown_function(): Argument #1 ($callback) must be a valid callback, class Common\Error\ErrorHandler does not have a method "shutdownHandler" {"type":0,"message":"register_shutdown_function(): Argument #1 ($callback) must be a valid callback, class Common\\Error\\ErrorHandler does not have a method \"shutdownHandler\"","file":"/app/Script/Karlov.php","line":15}
2024-09-11T10:52:11.545945+00:00 CRITICAL Maximum execution time of 1 second exceeded {"type":1,"message":"Maximum execution time of 1 second exceeded","file":"/app/Script/Karlov.php","line":18}
2024-09-11T10:52:31.633935+00:00 CRITICAL Maximum execution time of 1 second exceeded {"type":1,"message":"Maximum execution time of 1 second exceeded","file":"/app/Script/Karlov.php","line":18}
2024-09-11T10:55:10.614927+00:00 CRITICAL Maximum execution time of 1 second exceeded {"type":1,"message":"Maximum execution time of 1 second exceeded","file":"/app/Script/Karlov.php","line":18}
2024-09-11T10:58:20.800119+00:00 ERROR eqweqew {"type":0,"message":"eqweqew","file":"/app/Script/Karlov.php","line":17}
2024-09-11T10:58:40.831427+00:00 ERROR eqweqew {"type":0,"message":"eqweqew","file":"/app/Script/Karlov.php","line":17}
2024-09-11T10:58:47.389750+00:00 ERROR eqweqew {"type":0,"message":"eqweqew","file":"/app/Script/Karlov.php","line":17}
2024-09-11T11:01:10.934615+00:00 ERROR qwerasd {"type":0,"message":"qwerasd","file":"/app/Script/Karlov.php","line":17}
2024-09-11T11:01:29.425529+00:00 ERROR karlov {"type":0,"message":"karlov","file":"/app/Script/Karlov.php","line":17}
2024-09-12T06:43:46.419025+00:00 CRITICAL Maximum execution time of 1 second exceeded {"type":1,"message":"Maximum execution time of 1 second exceeded","file":"/app/Script/ConnectionChecker.php","line":20}
2024-09-12T08:13:15.118024+00:00 CRITICAL Maximum execution time of 1 second exceeded {"type":1,"message":"Maximum execution time of 1 second exceeded","file":"/app/Script/ConnectionChecker.php","line":20}
2024-09-12T08:15:39.906043+00:00 CRITICAL Maximum execution time of 120 seconds exceeded {"type":1,"message":"Maximum execution time of 120 seconds exceeded","file":"/app/Script/ConnectionChecker.php","line":20}
2024-09-12T08:18:31.186035+00:00 CRITICAL Maximum execution time of 120 seconds exceeded {"type":1,"message":"Maximum execution time of 120 seconds exceeded","file":"/app/Script/ConnectionChecker.php","line":20}
2024-09-12T08:50:22.446132+00:00 CRITICAL Allowed memory size of 134217728 bytes exhausted (tried to allocate 65015808 bytes) {"type":1,"message":"Allowed memory size of 134217728 bytes exhausted (tried to allocate 65015808 bytes)","file":"/app/Script/ConnectionChecker.php","line":34}
2024-09-16T12:16:57.184783+00:00 ERROR Class "Class ConnectionChecker::class does not exist" not found {"type":0,"message":"Class \"Class ConnectionChecker::class does not exist\" not found","file":"/app/Script/Utils/Runner.php","line":44}
2024-09-16T12:17:51.924467+00:00 ERROR Class "Class ConnectionChecker::class does not implement Script\Utils\Interfaces\Runnable interface(s)" not found {"type":0,"message":"Class \"Class ConnectionChecker::class does not implement Script\\Utils\\Interfaces\\Runnable interface(s)\" not found","file":"/app/Script/Utils/Runner.php","line":47}
2024-09-16T12:34:20.440203+00:00 ERROR Class "Class ConnectionChecker::class does not exist" not found {"type":0,"message":"Class \"Class ConnectionChecker::class does not exist\" not found","file":"/app/Script/Utils/Runner.php","line":44}
2024-09-16T12:34:44.180153+00:00 ERROR Class "Class ConnectionChecker::class does not exist" not found {"type":0,"message":"Class \"Class ConnectionChecker::class does not exist\" not found","file":"/app/Script/Utils/Runner.php","line":44}
2024-09-16T12:39:05.546385+00:00 ERROR Class "Class ConnectionChecker::class does not exist" not found {"type":0,"message":"Class \"Class ConnectionChecker::class does not exist\" not found","file":"/app/Script/Utils/Runner.php","line":44}
2024-09-16T12:39:45.695302+00:00 ERROR Class "Class ConnectionChecker::class does not exist" not found {"type":0,"message":"Class \"Class ConnectionChecker::class does not exist\" not found","file":"/app/Script/Utils/Runner.php","line":44}
[2024-09-16T12:45:40.318337+00:00] logger.ERROR: Class "Class ConnectionChecker::class does not exist" not found {"type":0,"message":"Class \"Class ConnectionChecker::class does not exist\" not found","file":"/app/Script/Utils/Runner.php","line":44} []
2024-09-16T12:48:33.074925+00:00 | ERROR | Class "Class ConnectionChecker::class does not exist" not found | {"type":0,"message":"Class \"Class ConnectionChecker::class does not exist\" not found","file":"/app/Script/Utils/Runner.php","line":44}
2024-09-16T12:55:00.957697+00:00 | ERROR | Class "Class ConnectionChecker::class does not exist" not found | {"type":0,"message":"Class \"Class ConnectionChecker::class does not exist\" not found","file":"/app/Script/Utils/Runner.php","line":44}
2024-09-16T13:00:00.576418+00:00 | ERROR | Class "Class ConnectionChecker::class does not exist" not found | {"type":0,"message":"Class \"Class ConnectionChecker::class does not exist\" not found","file":"/app/Script/Utils/Runner.php","line":44}
2024-09-16T13:00:00.915997+00:00 | ERROR | Class "Class ConnectionChecker::class does not exist" not found | {"type":0,"message":"Class \"Class ConnectionChecker::class does not exist\" not found","file":"/app/Script/Utils/Runner.php","line":44}
2024-09-16T13:00:00.955284+00:00 | ERROR | Class "Class ConnectionChecker::class does not exist" not found | {"type":0,"message":"Class \"Class ConnectionChecker::class does not exist\" not found","file":"/app/Script/Utils/Runner.php","line":44}
2024-09-16T13:05:00.917335+00:00 | ERROR | Class "Class ConnectionChecker::class does not exist" not found | {"type":0,"message":"Class \"Class ConnectionChecker::class does not exist\" not found","file":"/app/Script/Utils/Runner.php","line":44}
2024-09-16T13:05:00.956286+00:00 | ERROR | Class "Class ConnectionChecker::class does not exist" not found | {"type":0,"message":"Class \"Class ConnectionChecker::class does not exist\" not found","file":"/app/Script/Utils/Runner.php","line":44}
2024-09-16T13:22:06.094433+00:00 | ERROR | Undefined array key "qwe" | {"type":0,"message":"Undefined array key \"qwe\"","file":"/app/Script/Utils/Runner.php","line":30}
2024-09-16T13:22:54.819283+00:00 | ERROR | Undefined array key "qwe" | {"type":0,"message":"Undefined array key \"qwe\"","file":"/app/Script/Utils/Runner.php","line":29}
2024-09-16T13:23:20.718077+00:00 | CRITICAL | Undefined array key "qwe" | {"type":2,"message":"Undefined array key \"qwe\"","file":"/app/Script/Utils/Runner.php","line":30}
2024-09-16T13:24:31.618432+00:00 | CRITICAL | Undefined array key "qwe" | {"type":2,"message":"Undefined array key \"qwe\"","file":"/app/Script/Utils/Runner.php","line":30}
2024-09-16T13:25:09.734309+00:00 | CRITICAL | Undefined array key "qwe" | {"type":2,"message":"Undefined array key \"qwe\"","file":"/app/Script/Utils/Runner.php","line":30}
